2021-08-24 14:55:07,856 django.utils.autoreload INFO     /home/nezaicev/PycharmProjects/my_bytly/main/views.py changed, reloading.
2021-08-24 14:55:07,856 asyncio      DEBUG    Using selector: EpollSelector
2021-08-24 14:55:08,310 django.utils.autoreload INFO     Watching for file changes with StatReloader
2021-08-24 14:55:15,217 main.views   INFO     test
2021-08-24 15:02:29,120 django.utils.autoreload INFO     /home/nezaicev/PycharmProjects/my_bytly/my_bytly/settings.py changed, reloading.
2021-08-24 15:02:29,121 asyncio      DEBUG    Using selector: EpollSelector
2021-08-24 15:02:29,556 django.utils.autoreload INFO     Watching for file changes with StatReloader
2021-08-24 15:02:31,010 asyncio      DEBUG    Using selector: EpollSelector
2021-08-24 15:02:31,124 asyncio      DEBUG    Using selector: EpollSelector
2021-08-24 15:02:48,050 django.utils.autoreload INFO     Watching for file changes with StatReloader
2021-08-24 15:02:53,955 main.views   INFO     test
2021-08-24 15:02:56,716 main.views   INFO     test
2021-08-24 15:02:59,387 main.views   INFO     test
2021-08-24 15:07:14,962 django.utils.autoreload INFO     /home/nezaicev/PycharmProjects/my_bytly/my_bytly/settings.py changed, reloading.
2021-08-24 15:07:14,963 asyncio      DEBUG    Using selector: EpollSelector
2021-08-24 15:07:15,415 django.utils.autoreload INFO     Watching for file changes with StatReloader
2021-08-24 15:07:25,860 django.request WARNING  Not Found: /5IEudQ
2021-08-24 15:07:28,492 django.request WARNING  Not Found: /5VGyLQ
2021-08-24 15:07:31,597 django.request WARNING  Not Found: /-e-2Rw
2021-08-25 06:15:22,312 django.utils.autoreload INFO     Watching for file changes with StatReloader
2021-08-25 06:15:45,217 main.views   INFO     test
2021-08-25 06:16:08,299 main.views   INFO     test
2021-08-25 06:20:07,287 main.views   INFO     test
2021-08-25 06:20:20,964 main.views   INFO     test
2021-08-25 06:20:29,475 main.views   INFO     test
2021-08-25 06:20:49,494 main.views   INFO     test
2021-08-25 06:27:47,499 main.views   INFO     test
2021-08-25 06:27:53,443 main.views   INFO     test
2021-08-25 06:31:53,096 main.views   INFO     test
2021-08-25 06:31:57,604 main.views   INFO     test
2021-08-25 06:32:01,832 main.views   INFO     test
2021-08-25 06:38:30,678 main.views   INFO     test
2021-08-25 06:38:35,797 main.views   INFO     test
2021-08-25 06:42:52,939 django.utils.autoreload INFO     /home/nezaicev/PycharmProjects/my_bytly/main/views.py changed, reloading.
2021-08-25 06:42:52,940 asyncio      DEBUG    Using selector: EpollSelector
2021-08-25 06:42:53,509 django.utils.autoreload INFO     Watching for file changes with StatReloader
2021-08-25 06:45:27,663 main.views   INFO     test
2021-08-25 06:45:32,399 main.views   INFO     test
2021-08-25 06:45:37,515 main.views   INFO     test
2021-08-25 06:45:44,518 main.views   INFO     test
2021-08-25 07:46:52,017 asyncio      DEBUG    Using selector: EpollSelector
2021-08-25 07:46:52,181 asyncio      DEBUG    Using selector: EpollSelector
